INFO:     127.0.0.1:60677 - "GET /api/v1/health HTTP/1.1" 200 OK
2026-04-28 14:17:36,899 INFO sqlalchemy.engine.Engine select pg_catalog.version()
{"timestamp": "2026-04-28 14:17:36,899", "level": "INFO", "name": "sqlalchemy.engine.Engine", "message": "select pg_catalog.version()"}
2026-04-28 14:17:36,902 INFO sqlalchemy.engine.Engine [raw sql] ()
{"timestamp": "2026-04-28 14:17:36,902", "level": "INFO", "name": "sqlalchemy.engine.Engine", "message": "[raw sql] ()"}
2026-04-28 14:17:37,140 INFO sqlalchemy.engine.Engine select current_schema()
{"timestamp": "2026-04-28 14:17:37,140", "level": "INFO", "name": "sqlalchemy.engine.Engine", "message": "select current_schema()"}
2026-04-28 14:17:37,144 INFO sqlalchemy.engine.Engine [raw sql] ()
{"timestamp": "2026-04-28 14:17:37,144", "level": "INFO", "name": "sqlalchemy.engine.Engine", "message": "[raw sql] ()"}
2026-04-28 14:17:37,525 INFO sqlalchemy.engine.Engine show standard_conforming_strings
{"timestamp": "2026-04-28 14:17:37,525", "level": "INFO", "name": "sqlalchemy.engine.Engine", "message": "show standard_conforming_strings"}
2026-04-28 14:17:37,527 INFO sqlalchemy.engine.Engine [raw sql] ()
{"timestamp": "2026-04-28 14:17:37,527", "level": "INFO", "name": "sqlalchemy.engine.Engine", "message": "[raw sql] ()"}
2026-04-28 14:17:37,740 INFO sqlalchemy.engine.Engine BEGIN (implicit)
{"timestamp": "2026-04-28 14:17:37,740", "level": "INFO", "name": "sqlalchemy.engine.Engine", "message": "BEGIN (implicit)"}
2026-04-28 14:17:37,742 INFO sqlalchemy.engine.Engine SELECT 1
{"timestamp": "2026-04-28 14:17:37,742", "level": "INFO", "name": "sqlalchemy.engine.Engine", "message": "SELECT 1"}
2026-04-28 14:17:37,743 INFO sqlalchemy.engine.Engine [generated in 0.00119s] ()
{"timestamp": "2026-04-28 14:17:37,743", "level": "INFO", "name": "sqlalchemy.engine.Engine", "message": "[generated in 0.00119s] ()"}
INFO:     127.0.0.1:60677 - "GET /api/v1/health/ready HTTP/1.1" 200 OK
2026-04-28 14:17:37,960 INFO sqlalchemy.engine.Engine ROLLBACK
{"timestamp": "2026-04-28 14:17:37,960", "level": "INFO", "name": "sqlalchemy.engine.Engine", "message": "ROLLBACK"}
2026-04-28 14:17:38,832 INFO sqlalchemy.engine.Engine BEGIN (implicit)
{"timestamp": "2026-04-28 14:17:38,832", "level": "INFO", "name": "sqlalchemy.engine.Engine", "message": "BEGIN (implicit)"}
2026-04-28 14:17:38,839 INFO sqlalchemy.engine.Engine INSERT INTO projects (id, name, description, status) VALUES ($1::UUID, $2::VARCHAR, $3::VARCHAR, $4::VARCHAR) RETURNING projects.created_at, projects.updated_at
{"timestamp": "2026-04-28 14:17:38,839", "level": "INFO", "name": "sqlalchemy.engine.Engine", "message": "INSERT INTO projects (id, name, description, status) VALUES ($1::UUID, $2::VARCHAR, $3::VARCHAR, $4::VARCHAR) RETURNING projects.created_at, projects.updated_at"}
2026-04-28 14:17:38,843 INFO sqlalchemy.engine.Engine [generated in 0.00406s] (UUID('77dc887f-eab6-40d6-9b3b-dc06269cb009'), 'module-test-valid-1777366055', 'valid end-to-end module validation', 'active')
{"timestamp": "2026-04-28 14:17:38,843", "level": "INFO", "name": "sqlalchemy.engine.Engine", "message": "[generated in 0.00406s] (UUID('77dc887f-eab6-40d6-9b3b-dc06269cb009'), 'module-test-valid-1777366055', 'valid end-to-end module validation', 'active')"}
2026-04-28 14:17:39,017 INFO sqlalchemy.engine.Engine SELECT projects.id, projects.name, projects.description, projects.status, projects.created_at, projects.updated_at 
FROM projects 
WHERE projects.id = $1::UUID
{"timestamp": "2026-04-28 14:17:39,017", "level": "INFO", "name": "sqlalchemy.engine.Engine", "message": "SELECT projects.id, projects.name, projects.description, projects.status, projects.created_at, projects.updated_at \nFROM projects \nWHERE projects.id = $1::UUID"}
2026-04-28 14:17:39,018 INFO sqlalchemy.engine.Engine [generated in 0.00146s] (UUID('77dc887f-eab6-40d6-9b3b-dc06269cb009'),)
{"timestamp": "2026-04-28 14:17:39,018", "level": "INFO", "name": "sqlalchemy.engine.Engine", "message": "[generated in 0.00146s] (UUID('77dc887f-eab6-40d6-9b3b-dc06269cb009'),)"}
2026-04-28 14:17:39,135 INFO sqlalchemy.engine.Engine COMMIT
{"timestamp": "2026-04-28 14:17:39,135", "level": "INFO", "name": "sqlalchemy.engine.Engine", "message": "COMMIT"}
INFO:     127.0.0.1:60677 - "POST /api/v1/projects HTTP/1.1" 201 Created
2026-04-28 14:17:39,539 INFO sqlalchemy.engine.Engine BEGIN (implicit)
{"timestamp": "2026-04-28 14:17:39,539", "level": "INFO", "name": "sqlalchemy.engine.Engine", "message": "BEGIN (implicit)"}
2026-04-28 14:17:39,547 INFO sqlalchemy.engine.Engine SELECT projects.id, projects.name, projects.description, projects.status, projects.created_at, projects.updated_at 
FROM projects 
WHERE projects.id = $1::UUID
{"timestamp": "2026-04-28 14:17:39,547", "level": "INFO", "name": "sqlalchemy.engine.Engine", "message": "SELECT projects.id, projects.name, projects.description, projects.status, projects.created_at, projects.updated_at \nFROM projects \nWHERE projects.id = $1::UUID"}
2026-04-28 14:17:39,549 INFO sqlalchemy.engine.Engine [generated in 0.00185s] (UUID('77dc887f-eab6-40d6-9b3b-dc06269cb009'),)
{"timestamp": "2026-04-28 14:17:39,549", "level": "INFO", "name": "sqlalchemy.engine.Engine", "message": "[generated in 0.00185s] (UUID('77dc887f-eab6-40d6-9b3b-dc06269cb009'),)"}
2026-04-28 14:17:39,961 INFO sqlalchemy.engine.Engine INSERT INTO repositories (id, project_id, name, source_type, source_url, branch, status, local_path, archive_name, error_message) VALUES ($1::UUID, $2::UUID, $3::VARCHAR, $4::VARCHAR, $5::VARCHAR, $6::VARCHAR, $7::VARCHAR, $8::VARCHAR, $9::VARCHAR, $10::VARCHAR) RETURNING repositories.created_at, repositories.updated_at
{"timestamp": "2026-04-28 14:17:39,961", "level": "INFO", "name": "sqlalchemy.engine.Engine", "message": "INSERT INTO repositories (id, project_id, name, source_type, source_url, branch, status, local_path, archive_name, error_message) VALUES ($1::UUID, $2::UUID, $3::VARCHAR, $4::VARCHAR, $5::VARCHAR, $6::VARCHAR, $7::VARCHAR, $8::VARCHAR, $9::VARCHAR, $10::VARCHAR) RETURNING repositories.created_at, repositories.updated_at"}
2026-04-28 14:17:39,967 INFO sqlalchemy.engine.Engine [generated in 0.00591s] (UUID('de12d537-1950-45cb-853a-3319b4838f53'), UUID('77dc887f-eab6-40d6-9b3b-dc06269cb009'), 'sample-python-repo-valid', 'upload', None, None, 'pending', '', 'sample_repo.zip', None)
{"timestamp": "2026-04-28 14:17:39,967", "level": "INFO", "name": "sqlalchemy.engine.Engine", "message": "[generated in 0.00591s] (UUID('de12d537-1950-45cb-853a-3319b4838f53'), UUID('77dc887f-eab6-40d6-9b3b-dc06269cb009'), 'sample-python-repo-valid', 'upload', None, None, 'pending', '', 'sample_repo.zip', None)"}
2026-04-28 14:17:40,262 INFO sqlalchemy.engine.Engine SELECT repositories.id, repositories.project_id, repositories.name, repositories.source_type, repositories.source_url, repositories.branch, repositories.status, repositories.local_path, repositories.archive_name, repositories.error_message, repositories.created_at, repositories.updated_at 
FROM repositories 
WHERE repositories.id = $1::UUID
{"timestamp": "2026-04-28 14:17:40,262", "level": "INFO", "name": "sqlalchemy.engine.Engine", "message": "SELECT repositories.id, repositories.project_id, repositories.name, repositories.source_type, repositories.source_url, repositories.branch, repositories.status, repositories.local_path, repositories.archive_name, repositories.error_message, repositories.created_at, repositories.updated_at \nFROM repositories \nWHERE repositories.id = $1::UUID"}
2026-04-28 14:17:40,267 INFO sqlalchemy.engine.Engine [generated in 0.00444s] (UUID('de12d537-1950-45cb-853a-3319b4838f53'),)
{"timestamp": "2026-04-28 14:17:40,267", "level": "INFO", "name": "sqlalchemy.engine.Engine", "message": "[generated in 0.00444s] (UUID('de12d537-1950-45cb-853a-3319b4838f53'),)"}
2026-04-28 14:17:40,391 INFO sqlalchemy.engine.Engine UPDATE repositories SET status=$1::VARCHAR, local_path=$2::VARCHAR, updated_at=now() WHERE repositories.id = $3::UUID
{"timestamp": "2026-04-28 14:17:40,391", "level": "INFO", "name": "sqlalchemy.engine.Engine", "message": "UPDATE repositories SET status=$1::VARCHAR, local_path=$2::VARCHAR, updated_at=now() WHERE repositories.id = $3::UUID"}
2026-04-28 14:17:40,399 INFO sqlalchemy.engine.Engine [generated in 0.00865s] ('extracting', 'D:\\NeuralRepo\\data\\repositories\\77dc887f-eab6-40d6-9b3b-dc06269cb009\\de12d537-1950-45cb-853a-3319b4838f53\\source', UUID('de12d537-1950-45cb-853a-3319b4838f53'))
{"timestamp": "2026-04-28 14:17:40,399", "level": "INFO", "name": "sqlalchemy.engine.Engine", "message": "[generated in 0.00865s] ('extracting', 'D:\\\\NeuralRepo\\\\data\\\\repositories\\\\77dc887f-eab6-40d6-9b3b-dc06269cb009\\\\de12d537-1950-45cb-853a-3319b4838f53\\\\source', UUID('de12d537-1950-45cb-853a-3319b4838f53'))"}
2026-04-28 14:17:40,602 INFO sqlalchemy.engine.Engine SELECT repositories.id, repositories.project_id, repositories.name, repositories.source_type, repositories.source_url, repositories.branch, repositories.status, repositories.local_path, repositories.archive_name, repositories.error_message, repositories.created_at, repositories.updated_at 
FROM repositories 
WHERE repositories.id = $1::UUID
{"timestamp": "2026-04-28 14:17:40,602", "level": "INFO", "name": "sqlalchemy.engine.Engine", "message": "SELECT repositories.id, repositories.project_id, repositories.name, repositories.source_type, repositories.source_url, repositories.branch, repositories.status, repositories.local_path, repositories.archive_name, repositories.error_message, repositories.created_at, repositories.updated_at \nFROM repositories \nWHERE repositories.id = $1::UUID"}
2026-04-28 14:17:40,616 INFO sqlalchemy.engine.Engine [cached since 0.3554s ago] (UUID('de12d537-1950-45cb-853a-3319b4838f53'),)
{"timestamp": "2026-04-28 14:17:40,616", "level": "INFO", "name": "sqlalchemy.engine.Engine", "message": "[cached since 0.3554s ago] (UUID('de12d537-1950-45cb-853a-3319b4838f53'),)"}
2026-04-28 14:17:40,676 INFO sqlalchemy.engine.Engine COMMIT
{"timestamp": "2026-04-28 14:17:40,676", "level": "INFO", "name": "sqlalchemy.engine.Engine", "message": "COMMIT"}
2026-04-28 14:17:41,075 INFO sqlalchemy.engine.Engine BEGIN (implicit)
{"timestamp": "2026-04-28 14:17:41,075", "level": "INFO", "name": "sqlalchemy.engine.Engine", "message": "BEGIN (implicit)"}
2026-04-28 14:17:41,078 INFO sqlalchemy.engine.Engine UPDATE repositories SET status=$1::VARCHAR, updated_at=now() WHERE repositories.id = $2::UUID
{"timestamp": "2026-04-28 14:17:41,078", "level": "INFO", "name": "sqlalchemy.engine.Engine", "message": "UPDATE repositories SET status=$1::VARCHAR, updated_at=now() WHERE repositories.id = $2::UUID"}
2026-04-28 14:17:41,079 INFO sqlalchemy.engine.Engine [generated in 0.00167s] ('ready', UUID('de12d537-1950-45cb-853a-3319b4838f53'))
{"timestamp": "2026-04-28 14:17:41,079", "level": "INFO", "name": "sqlalchemy.engine.Engine", "message": "[generated in 0.00167s] ('ready', UUID('de12d537-1950-45cb-853a-3319b4838f53'))"}
2026-04-28 14:17:41,274 INFO sqlalchemy.engine.Engine SELECT repositories.id, repositories.project_id, repositories.name, repositories.source_type, repositories.source_url, repositories.branch, repositories.status, repositories.local_path, repositories.archive_name, repositories.error_message, repositories.created_at, repositories.updated_at 
FROM repositories 
WHERE repositories.id = $1::UUID
{"timestamp": "2026-04-28 14:17:41,274", "level": "INFO", "name": "sqlalchemy.engine.Engine", "message": "SELECT repositories.id, repositories.project_id, repositories.name, repositories.source_type, repositories.source_url, repositories.branch, repositories.status, repositories.local_path, repositories.archive_name, repositories.error_message, repositories.created_at, repositories.updated_at \nFROM repositories \nWHERE repositories.id = $1::UUID"}
2026-04-28 14:17:41,276 INFO sqlalchemy.engine.Engine [cached since 1.014s ago] (UUID('de12d537-1950-45cb-853a-3319b4838f53'),)
{"timestamp": "2026-04-28 14:17:41,276", "level": "INFO", "name": "sqlalchemy.engine.Engine", "message": "[cached since 1.014s ago] (UUID('de12d537-1950-45cb-853a-3319b4838f53'),)"}
2026-04-28 14:17:41,423 INFO sqlalchemy.engine.Engine COMMIT
{"timestamp": "2026-04-28 14:17:41,423", "level": "INFO", "name": "sqlalchemy.engine.Engine", "message": "COMMIT"}
INFO:     127.0.0.1:60677 - "POST /api/v1/projects/77dc887f-eab6-40d6-9b3b-dc06269cb009/repositories/upload HTTP/1.1" 201 Created
2026-04-28 14:17:41,681 INFO sqlalchemy.engine.Engine BEGIN (implicit)
{"timestamp": "2026-04-28 14:17:41,681", "level": "INFO", "name": "sqlalchemy.engine.Engine", "message": "BEGIN (implicit)"}
2026-04-28 14:17:41,686 INFO sqlalchemy.engine.Engine SELECT repositories.id, repositories.project_id, repositories.name, repositories.source_type, repositories.source_url, repositories.branch, repositories.status, repositories.local_path, repositories.archive_name, repositories.error_message, repositories.created_at, repositories.updated_at 
FROM repositories 
WHERE repositories.id = $1::UUID
{"timestamp": "2026-04-28 14:17:41,686", "level": "INFO", "name": "sqlalchemy.engine.Engine", "message": "SELECT repositories.id, repositories.project_id, repositories.name, repositories.source_type, repositories.source_url, repositories.branch, repositories.status, repositories.local_path, repositories.archive_name, repositories.error_message, repositories.created_at, repositories.updated_at \nFROM repositories \nWHERE repositories.id = $1::UUID"}
2026-04-28 14:17:41,690 INFO sqlalchemy.engine.Engine [generated in 0.00386s] (UUID('de12d537-1950-45cb-853a-3319b4838f53'),)
{"timestamp": "2026-04-28 14:17:41,690", "level": "INFO", "name": "sqlalchemy.engine.Engine", "message": "[generated in 0.00386s] (UUID('de12d537-1950-45cb-853a-3319b4838f53'),)"}
2026-04-28 14:17:41,981 INFO sqlalchemy.engine.Engine DELETE FROM repository_files WHERE repository_files.repository_id = $1::UUID
{"timestamp": "2026-04-28 14:17:41,981", "level": "INFO", "name": "sqlalchemy.engine.Engine", "message": "DELETE FROM repository_files WHERE repository_files.repository_id = $1::UUID"}
2026-04-28 14:17:41,992 INFO sqlalchemy.engine.Engine [generated in 0.01144s] (UUID('de12d537-1950-45cb-853a-3319b4838f53'),)
{"timestamp": "2026-04-28 14:17:41,992", "level": "INFO", "name": "sqlalchemy.engine.Engine", "message": "[generated in 0.01144s] (UUID('de12d537-1950-45cb-853a-3319b4838f53'),)"}
2026-04-28 14:17:42,109 INFO sqlalchemy.engine.Engine INSERT INTO repository_files (id, repository_id, relative_path, file_name, extension, language, size_bytes, content_type, sha256) VALUES ($1::UUID, $2::UUID, $3::VARCHAR, $4::VARCHAR, $5::VARCHAR, $6::VARCHAR, $7::INTEGER, $8::VARCHAR, $9::VARCHAR),  ... 474 characters truncated ... 45::VARCHAR) RETURNING repository_files.created_at, repository_files.updated_at, repository_files.id
{"timestamp": "2026-04-28 14:17:42,109", "level": "INFO", "name": "sqlalchemy.engine.Engine", "message": "INSERT INTO repository_files (id, repository_id, relative_path, file_name, extension, language, size_bytes, content_type, sha256) VALUES ($1::UUID, $2::UUID, $3::VARCHAR, $4::VARCHAR, $5::VARCHAR, $6::VARCHAR, $7::INTEGER, $8::VARCHAR, $9::VARCHAR),  ... 474 characters truncated ... 45::VARCHAR) RETURNING repository_files.created_at, repository_files.updated_at, repository_files.id"}
2026-04-28 14:17:42,112 INFO sqlalchemy.engine.Engine [generated in 0.00083s (insertmanyvalues) 1/1 (ordered)] (UUID('ea89f709-26a5-44c7-ba3f-91f645c42b19'), UUID('de12d537-1950-45cb-853a-3319b4838f53'), 'sample_repo/pkg/__init__.py', '__init__.py', '.py', 'python', 22, 'text', 'f1e9b75ef2977023b7514867f73cda0c924be5c07399ef5c7603d676ea326a14', UUID('83e81d6f-5d52-4830-85b6-5f137a8e3d48'), UUID('de12d537-1950-45cb-853a-3319b4838f53'), 'sample_repo/pkg/main.py', 'main.py', '.py', 'python', 118, 'text', '8910e64aa4226371ff6f52078d4966e77abc526cf28db2f0a5802470008999d8', UUID('370ffb66-7ead-4ddd-853d-a2c9b0b9fb1f'), UUID('de12d537-1950-45cb-853a-3319b4838f53'), 'sample_repo/pkg/services/__init__.py', '__init__.py', '.py', 'python', 2, 'text', '7eb70257593da06f682a3ddda54a9d260d4fc514f645237f5ca74b08f8da61a6', UUID('fbf57930-c3e6-4d3e-bd44-d03b0d6ea90c'), UUID('de12d537-1950-45cb-853a-3319b4838f53'), 'sample_repo/pkg/services/auth.py', 'auth.py', '.py', 'python', 61, 'text', 'fca5f3d7b3a54ea219d7265c72706ed538c096d857cfd135f8d7ba858d6692dc', UUID('2eb58b87-a05b-420f-a546-425dc2a3761e'), UUID('de12d537-1950-45cb-853a-3319b4838f53'), 'sample_repo/README.md', 'README.md', '.md', 'markdown', 15, 'text', 'd9774bc29c96fcbc2bdc2c5eecf097d119e24ae304945b639c52eb1f3ed021bd')
{"timestamp": "2026-04-28 14:17:42,112", "level": "INFO", "name": "sqlalchemy.engine.Engine", "message": "[generated in 0.00083s (insertmanyvalues) 1/1 (ordered)] (UUID('ea89f709-26a5-44c7-ba3f-91f645c42b19'), UUID('de12d537-1950-45cb-853a-3319b4838f53'), 'sample_repo/pkg/__init__.py', '__init__.py', '.py', 'python', 22, 'text', 'f1e9b75ef2977023b7514867f73cda0c924be5c07399ef5c7603d676ea326a14', UUID('83e81d6f-5d52-4830-85b6-5f137a8e3d48'), UUID('de12d537-1950-45cb-853a-3319b4838f53'), 'sample_repo/pkg/main.py', 'main.py', '.py', 'python', 118, 'text', '8910e64aa4226371ff6f52078d4966e77abc526cf28db2f0a5802470008999d8', UUID('370ffb66-7ead-4ddd-853d-a2c9b0b9fb1f'), UUID('de12d537-1950-45cb-853a-3319b4838f53'), 'sample_repo/pkg/services/__init__.py', '__init__.py', '.py', 'python', 2, 'text', '7eb70257593da06f682a3ddda54a9d260d4fc514f645237f5ca74b08f8da61a6', UUID('fbf57930-c3e6-4d3e-bd44-d03b0d6ea90c'), UUID('de12d537-1950-45cb-853a-3319b4838f53'), 'sample_repo/pkg/services/auth.py', 'auth.py', '.py', 'python', 61, 'text', 'fca5f3d7b3a54ea219d7265c72706ed538c096d857cfd135f8d7ba858d6692dc', UUID('2eb58b87-a05b-420f-a546-425dc2a3761e'), UUID('de12d537-1950-45cb-853a-3319b4838f53'), 'sample_repo/README.md', 'README.md', '.md', 'markdown', 15, 'text', 'd9774bc29c96fcbc2bdc2c5eecf097d119e24ae304945b639c52eb1f3ed021bd')"}
2026-04-28 14:17:42,540 INFO sqlalchemy.engine.Engine COMMIT
{"timestamp": "2026-04-28 14:17:42,540", "level": "INFO", "name": "sqlalchemy.engine.Engine", "message": "COMMIT"}
INFO:     127.0.0.1:60677 - "POST /api/v1/projects/77dc887f-eab6-40d6-9b3b-dc06269cb009/repositories/de12d537-1950-45cb-853a-3319b4838f53/scan HTTP/1.1" 202 Accepted
2026-04-28 14:17:42,786 INFO sqlalchemy.engine.Engine BEGIN (implicit)
{"timestamp": "2026-04-28 14:17:42,786", "level": "INFO", "name": "sqlalchemy.engine.Engine", "message": "BEGIN (implicit)"}
2026-04-28 14:17:42,788 INFO sqlalchemy.engine.Engine SELECT repositories.id, repositories.project_id, repositories.name, repositories.source_type, repositories.source_url, repositories.branch, repositories.status, repositories.local_path, repositories.archive_name, repositories.error_message, repositories.created_at, repositories.updated_at 
FROM repositories 
WHERE repositories.id = $1::UUID
{"timestamp": "2026-04-28 14:17:42,788", "level": "INFO", "name": "sqlalchemy.engine.Engine", "message": "SELECT repositories.id, repositories.project_id, repositories.name, repositories.source_type, repositories.source_url, repositories.branch, repositories.status, repositories.local_path, repositories.archive_name, repositories.error_message, repositories.created_at, repositories.updated_at \nFROM repositories \nWHERE repositories.id = $1::UUID"}
2026-04-28 14:17:42,789 INFO sqlalchemy.engine.Engine [cached since 1.103s ago] (UUID('de12d537-1950-45cb-853a-3319b4838f53'),)
{"timestamp": "2026-04-28 14:17:42,789", "level": "INFO", "name": "sqlalchemy.engine.Engine", "message": "[cached since 1.103s ago] (UUID('de12d537-1950-45cb-853a-3319b4838f53'),)"}
2026-04-28 14:17:42,908 INFO sqlalchemy.engine.Engine SELECT repository_files.id, repository_files.repository_id, repository_files.relative_path, repository_files.file_name, repository_files.extension, repository_files.language, repository_files.size_bytes, repository_files.content_type, repository_files.sha256, repository_files.created_at, repository_files.updated_at 
FROM repository_files 
WHERE repository_files.repository_id = $1::UUID ORDER BY repository_files.relative_path ASC
{"timestamp": "2026-04-28 14:17:42,908", "level": "INFO", "name": "sqlalchemy.engine.Engine", "message": "SELECT repository_files.id, repository_files.repository_id, repository_files.relative_path, repository_files.file_name, repository_files.extension, repository_files.language, repository_files.size_bytes, repository_files.content_type, repository_files.sha256, repository_files.created_at, repository_files.updated_at \nFROM repository_files \nWHERE repository_files.repository_id = $1::UUID ORDER BY repository_files.relative_path ASC"}
2026-04-28 14:17:42,920 INFO sqlalchemy.engine.Engine [generated in 0.01220s] (UUID('de12d537-1950-45cb-853a-3319b4838f53'),)
{"timestamp": "2026-04-28 14:17:42,920", "level": "INFO", "name": "sqlalchemy.engine.Engine", "message": "[generated in 0.01220s] (UUID('de12d537-1950-45cb-853a-3319b4838f53'),)"}
INFO:     127.0.0.1:60677 - "GET /api/v1/projects/77dc887f-eab6-40d6-9b3b-dc06269cb009/repositories/de12d537-1950-45cb-853a-3319b4838f53/files HTTP/1.1" 200 OK
2026-04-28 14:17:43,037 INFO sqlalchemy.engine.Engine ROLLBACK
{"timestamp": "2026-04-28 14:17:43,037", "level": "INFO", "name": "sqlalchemy.engine.Engine", "message": "ROLLBACK"}
2026-04-28 14:17:43,226 INFO sqlalchemy.engine.Engine BEGIN (implicit)
{"timestamp": "2026-04-28 14:17:43,226", "level": "INFO", "name": "sqlalchemy.engine.Engine", "message": "BEGIN (implicit)"}
2026-04-28 14:17:43,228 INFO sqlalchemy.engine.Engine SELECT repositories.id, repositories.project_id, repositories.name, repositories.source_type, repositories.source_url, repositories.branch, repositories.status, repositories.local_path, repositories.archive_name, repositories.error_message, repositories.created_at, repositories.updated_at 
FROM repositories 
WHERE repositories.id = $1::UUID
{"timestamp": "2026-04-28 14:17:43,228", "level": "INFO", "name": "sqlalchemy.engine.Engine", "message": "SELECT repositories.id, repositories.project_id, repositories.name, repositories.source_type, repositories.source_url, repositories.branch, repositories.status, repositories.local_path, repositories.archive_name, repositories.error_message, repositories.created_at, repositories.updated_at \nFROM repositories \nWHERE repositories.id = $1::UUID"}
2026-04-28 14:17:43,229 INFO sqlalchemy.engine.Engine [cached since 1.544s ago] (UUID('de12d537-1950-45cb-853a-3319b4838f53'),)
{"timestamp": "2026-04-28 14:17:43,229", "level": "INFO", "name": "sqlalchemy.engine.Engine", "message": "[cached since 1.544s ago] (UUID('de12d537-1950-45cb-853a-3319b4838f53'),)"}
2026-04-28 14:17:43,344 INFO sqlalchemy.engine.Engine SELECT repository_files.id, repository_files.repository_id, repository_files.relative_path, repository_files.file_name, repository_files.extension, repository_files.language, repository_files.size_bytes, repository_files.content_type, repository_files.sha256, repository_files.created_at, repository_files.updated_at 
FROM repository_files 
WHERE repository_files.repository_id = $1::UUID ORDER BY repository_files.relative_path ASC
{"timestamp": "2026-04-28 14:17:43,344", "level": "INFO", "name": "sqlalchemy.engine.Engine", "message": "SELECT repository_files.id, repository_files.repository_id, repository_files.relative_path, repository_files.file_name, repository_files.extension, repository_files.language, repository_files.size_bytes, repository_files.content_type, repository_files.sha256, repository_files.created_at, repository_files.updated_at \nFROM repository_files \nWHERE repository_files.repository_id = $1::UUID ORDER BY repository_files.relative_path ASC"}
2026-04-28 14:17:43,346 INFO sqlalchemy.engine.Engine [cached since 0.4372s ago] (UUID('de12d537-1950-45cb-853a-3319b4838f53'),)
{"timestamp": "2026-04-28 14:17:43,346", "level": "INFO", "name": "sqlalchemy.engine.Engine", "message": "[cached since 0.4372s ago] (UUID('de12d537-1950-45cb-853a-3319b4838f53'),)"}
2026-04-28 14:17:43,482 INFO sqlalchemy.engine.Engine DELETE FROM repository_symbols WHERE repository_symbols.repository_id = $1::UUID
{"timestamp": "2026-04-28 14:17:43,482", "level": "INFO", "name": "sqlalchemy.engine.Engine", "message": "DELETE FROM repository_symbols WHERE repository_symbols.repository_id = $1::UUID"}
2026-04-28 14:17:43,485 INFO sqlalchemy.engine.Engine [generated in 0.00365s] (UUID('de12d537-1950-45cb-853a-3319b4838f53'),)
{"timestamp": "2026-04-28 14:17:43,485", "level": "INFO", "name": "sqlalchemy.engine.Engine", "message": "[generated in 0.00365s] (UUID('de12d537-1950-45cb-853a-3319b4838f53'),)"}
2026-04-28 14:17:43,604 INFO sqlalchemy.engine.Engine DELETE FROM repository_imports WHERE repository_imports.repository_id = $1::UUID
{"timestamp": "2026-04-28 14:17:43,604", "level": "INFO", "name": "sqlalchemy.engine.Engine", "message": "DELETE FROM repository_imports WHERE repository_imports.repository_id = $1::UUID"}
2026-04-28 14:17:43,605 INFO sqlalchemy.engine.Engine [generated in 0.00120s] (UUID('de12d537-1950-45cb-853a-3319b4838f53'),)
{"timestamp": "2026-04-28 14:17:43,605", "level": "INFO", "name": "sqlalchemy.engine.Engine", "message": "[generated in 0.00120s] (UUID('de12d537-1950-45cb-853a-3319b4838f53'),)"}
2026-04-28 14:17:43,728 INFO sqlalchemy.engine.Engine INSERT INTO repository_symbols (id, repository_id, repository_file_id, symbol_type, name, qualified_name, parent_qualified_name, line_start, line_end, docstring, is_public) VALUES ($1::UUID, $2::UUID, $3::UUID, $4::VARCHAR, $5::VARCHAR, $6::VARCHAR,  ... 1089 characters truncated ... OLEAN) RETURNING repository_symbols.created_at, repository_symbols.updated_at, repository_symbols.id
{"timestamp": "2026-04-28 14:17:43,728", "level": "INFO", "name": "sqlalchemy.engine.Engine", "message": "INSERT INTO repository_symbols (id, repository_id, repository_file_id, symbol_type, name, qualified_name, parent_qualified_name, line_start, line_end, docstring, is_public) VALUES ($1::UUID, $2::UUID, $3::UUID, $4::VARCHAR, $5::VARCHAR, $6::VARCHAR,  ... 1089 characters truncated ... OLEAN) RETURNING repository_symbols.created_at, repository_symbols.updated_at, repository_symbols.id"}
2026-04-28 14:17:43,731 INFO sqlalchemy.engine.Engine [generated in 0.00140s (insertmanyvalues) 1/1 (ordered)] (UUID('6abfe509-7124-4c42-af19-c2f9c5101f2e'), UUID('de12d537-1950-45cb-853a-3319b4838f53'), UUID('ea89f709-26a5-44c7-ba3f-91f645c42b19'), 'module', 'pkg', 'sample_repo.pkg', None, 1, 1, 'sample package', True, UUID('62a227f2-a49c-46e4-9184-3837ce3f4c6b'), UUID('de12d537-1950-45cb-853a-3319b4838f53'), UUID('83e81d6f-5d52-4830-85b6-5f137a8e3d48'), 'module', 'main', 'sample_repo.pkg.main', None, 1, 6, None, True, UUID('61b0ffd9-67fd-40cc-9919-8b9be1fd9ccb'), UUID('de12d537-1950-45cb-853a-3319b4838f53'), UUID('83e81d6f-5d52-4830-85b6-5f137a8e3d48'), 'class', 'App', 'sample_repo.pkg.main.App', 'sample_repo.pkg.main', 4, 6, None, True, UUID('697471e8-4665-4de2-a923-9a033e5dafd0'), UUID('de12d537-1950-45cb-853a-3319b4838f53'), UUID('83e81d6f-5d52-4830-85b6-5f137a8e3d48'), 'method', 'run', 'sample_repo.pkg.main.App.run', 'sample_repo.pkg.main.App', 5, 6, None, True, UUID('73a5357b-4f1d-4e75-ad89-d61d1fa76720'), UUID('de12d537-1950-45cb-853a-3319b4838f53'), UUID('370ffb66-7ead-4ddd-853d-a2c9b0b9fb1f'), 'module', 'services', 'sample_repo.pkg.services', None, 1, 1, None, True, UUID('6fe3ed5d-3d45-4748-95bc-d753ca39b960'), UUID('de12d537-1950-45cb-853a-3319b4838f53'), UUID('fbf57930-c3e6-4d3e-bd44-d03b0d6ea90c'), 'module', 'auth', 'sample_repo.pkg.services.auth', None, 1, 3, None, True, UUID('be084791-b7ab-4311-8dcd-e550986a7e1c'), UUID('de12d537-1950-45cb-853a-3319b4838f53'), UUID('fbf57930-c3e6-4d3e-bd44-d03b0d6ea90c'), 'class', 'AuthService', 'sample_repo.pkg.services.auth.AuthService', 'sample_repo.pkg.services.auth', 1, 3, None, True, UUID('7ee6cf84-838e-4a10-b49d-f85a9c799384'), UUID('de12d537-1950-45cb-853a-3319b4838f53'), UUID('fbf57930-c3e6-4d3e-bd44-d03b0d6ea90c'), 'method', 'login', 'sample_repo.pkg.services.auth.AuthService.login', 'sample_repo.pkg.services.auth.AuthService', 2, 3, None, True)
{"timestamp": "2026-04-28 14:17:43,731", "level": "INFO", "name": "sqlalchemy.engine.Engine", "message": "[generated in 0.00140s (insertmanyvalues) 1/1 (ordered)] (UUID('6abfe509-7124-4c42-af19-c2f9c5101f2e'), UUID('de12d537-1950-45cb-853a-3319b4838f53'), UUID('ea89f709-26a5-44c7-ba3f-91f645c42b19'), 'module', 'pkg', 'sample_repo.pkg', None, 1, 1, 'sample package', True, UUID('62a227f2-a49c-46e4-9184-3837ce3f4c6b'), UUID('de12d537-1950-45cb-853a-3319b4838f53'), UUID('83e81d6f-5d52-4830-85b6-5f137a8e3d48'), 'module', 'main', 'sample_repo.pkg.main', None, 1, 6, None, True, UUID('61b0ffd9-67fd-40cc-9919-8b9be1fd9ccb'), UUID('de12d537-1950-45cb-853a-3319b4838f53'), UUID('83e81d6f-5d52-4830-85b6-5f137a8e3d48'), 'class', 'App', 'sample_repo.pkg.main.App', 'sample_repo.pkg.main', 4, 6, None, True, UUID('697471e8-4665-4de2-a923-9a033e5dafd0'), UUID('de12d537-1950-45cb-853a-3319b4838f53'), UUID('83e81d6f-5d52-4830-85b6-5f137a8e3d48'), 'method', 'run', 'sample_repo.pkg.main.App.run', 'sample_repo.pkg.main.App', 5, 6, None, True, UUID('73a5357b-4f1d-4e75-ad89-d61d1fa76720'), UUID('de12d537-1950-45cb-853a-3319b4838f53'), UUID('370ffb66-7ead-4ddd-853d-a2c9b0b9fb1f'), 'module', 'services', 'sample_repo.pkg.services', None, 1, 1, None, True, UUID('6fe3ed5d-3d45-4748-95bc-d753ca39b960'), UUID('de12d537-1950-45cb-853a-3319b4838f53'), UUID('fbf57930-c3e6-4d3e-bd44-d03b0d6ea90c'), 'module', 'auth', 'sample_repo.pkg.services.auth', None, 1, 3, None, True, UUID('be084791-b7ab-4311-8dcd-e550986a7e1c'), UUID('de12d537-1950-45cb-853a-3319b4838f53'), UUID('fbf57930-c3e6-4d3e-bd44-d03b0d6ea90c'), 'class', 'AuthService', 'sample_repo.pkg.services.auth.AuthService', 'sample_repo.pkg.services.auth', 1, 3, None, True, UUID('7ee6cf84-838e-4a10-b49d-f85a9c799384'), UUID('de12d537-1950-45cb-853a-3319b4838f53'), UUID('fbf57930-c3e6-4d3e-bd44-d03b0d6ea90c'), 'method', 'login', 'sample_repo.pkg.services.auth.AuthService.login', 'sample_repo.pkg.services.auth.AuthService', 2, 3, None, True)"}
2026-04-28 14:17:43,936 INFO sqlalchemy.engine.Engine INSERT INTO repository_imports (id, repository_id, repository_file_id, import_type, module_name, imported_name, alias, line_number) VALUES ($1::UUID, $2::UUID, $3::UUID, $4::VARCHAR, $5::VARCHAR, $6::VARCHAR, $7::VARCHAR, $8::INTEGER), ($9::UUID, $10::UUID, $11::UUID, $12::VARCHAR, $13::VARCHAR, $14::VARCHAR, $15::VARCHAR, $16::INTEGER) RETURNING repository_imports.created_at, repository_imports.updated_at, repository_imports.id
{"timestamp": "2026-04-28 14:17:43,936", "level": "INFO", "name": "sqlalchemy.engine.Engine", "message": "INSERT INTO repository_imports (id, repository_id, repository_file_id, import_type, module_name, imported_name, alias, line_number) VALUES ($1::UUID, $2::UUID, $3::UUID, $4::VARCHAR, $5::VARCHAR, $6::VARCHAR, $7::VARCHAR, $8::INTEGER), ($9::UUID, $10::UUID, $11::UUID, $12::VARCHAR, $13::VARCHAR, $14::VARCHAR, $15::VARCHAR, $16::INTEGER) RETURNING repository_imports.created_at, repository_imports.updated_at, repository_imports.id"}
2026-04-28 14:17:43,938 INFO sqlalchemy.engine.Engine [generated in 0.00033s (insertmanyvalues) 1/1 (ordered)] (UUID('e437691f-92d1-45f6-85a3-2178c686f59b'), UUID('de12d537-1950-45cb-853a-3319b4838f53'), UUID('83e81d6f-5d52-4830-85b6-5f137a8e3d48'), 'import', 'os', None, None, 1, UUID('97f69fd6-41fe-4320-b0cb-2b580f9ab25d'), UUID('de12d537-1950-45cb-853a-3319b4838f53'), UUID('83e81d6f-5d52-4830-85b6-5f137a8e3d48'), 'from', '.services.auth', 'AuthService', None, 2)
{"timestamp": "2026-04-28 14:17:43,938", "level": "INFO", "name": "sqlalchemy.engine.Engine", "message": "[generated in 0.00033s (insertmanyvalues) 1/1 (ordered)] (UUID('e437691f-92d1-45f6-85a3-2178c686f59b'), UUID('de12d537-1950-45cb-853a-3319b4838f53'), UUID('83e81d6f-5d52-4830-85b6-5f137a8e3d48'), 'import', 'os', None, None, 1, UUID('97f69fd6-41fe-4320-b0cb-2b580f9ab25d'), UUID('de12d537-1950-45cb-853a-3319b4838f53'), UUID('83e81d6f-5d52-4830-85b6-5f137a8e3d48'), 'from', '.services.auth', 'AuthService', None, 2)"}
2026-04-28 14:17:44,063 INFO sqlalchemy.engine.Engine COMMIT
{"timestamp": "2026-04-28 14:17:44,063", "level": "INFO", "name": "sqlalchemy.engine.Engine", "message": "COMMIT"}
INFO:     127.0.0.1:60677 - "POST /api/v1/projects/77dc887f-eab6-40d6-9b3b-dc06269cb009/repositories/de12d537-1950-45cb-853a-3319b4838f53/ast/analyze HTTP/1.1" 202 Accepted
2026-04-28 14:17:44,291 INFO sqlalchemy.engine.Engine BEGIN (implicit)
{"timestamp": "2026-04-28 14:17:44,291", "level": "INFO", "name": "sqlalchemy.engine.Engine", "message": "BEGIN (implicit)"}
2026-04-28 14:17:44,293 INFO sqlalchemy.engine.Engine SELECT repositories.id, repositories.project_id, repositories.name, repositories.source_type, repositories.source_url, repositories.branch, repositories.status, repositories.local_path, repositories.archive_name, repositories.error_message, repositories.created_at, repositories.updated_at 
FROM repositories 
WHERE repositories.id = $1::UUID
{"timestamp": "2026-04-28 14:17:44,293", "level": "INFO", "name": "sqlalchemy.engine.Engine", "message": "SELECT repositories.id, repositories.project_id, repositories.name, repositories.source_type, repositories.source_url, repositories.branch, repositories.status, repositories.local_path, repositories.archive_name, repositories.error_message, repositories.created_at, repositories.updated_at \nFROM repositories \nWHERE repositories.id = $1::UUID"}
2026-04-28 14:17:44,294 INFO sqlalchemy.engine.Engine [cached since 2.609s ago] (UUID('de12d537-1950-45cb-853a-3319b4838f53'),)
{"timestamp": "2026-04-28 14:17:44,294", "level": "INFO", "name": "sqlalchemy.engine.Engine", "message": "[cached since 2.609s ago] (UUID('de12d537-1950-45cb-853a-3319b4838f53'),)"}
2026-04-28 14:17:44,410 INFO sqlalchemy.engine.Engine SELECT repository_symbols.id, repository_symbols.repository_id, repository_symbols.repository_file_id, repository_symbols.symbol_type, repository_symbols.name, repository_symbols.qualified_name, repository_symbols.parent_qualified_name, repository_symbols.line_start, repository_symbols.line_end, repository_symbols.docstring, repository_symbols.is_public, repository_symbols.created_at, repository_symbols.updated_at 
FROM repository_symbols 
WHERE repository_symbols.repository_id = $1::UUID ORDER BY repository_symbols.qualified_name ASC, repository_symbols.line_start ASC
{"timestamp": "2026-04-28 14:17:44,410", "level": "INFO", "name": "sqlalchemy.engine.Engine", "message": "SELECT repository_symbols.id, repository_symbols.repository_id, repository_symbols.repository_file_id, repository_symbols.symbol_type, repository_symbols.name, repository_symbols.qualified_name, repository_symbols.parent_qualified_name, repository_symbols.line_start, repository_symbols.line_end, repository_symbols.docstring, repository_symbols.is_public, repository_symbols.created_at, repository_symbols.updated_at \nFROM repository_symbols \nWHERE repository_symbols.repository_id = $1::UUID ORDER BY repository_symbols.qualified_name ASC, repository_symbols.line_start ASC"}
2026-04-28 14:17:44,412 INFO sqlalchemy.engine.Engine [generated in 0.00173s] (UUID('de12d537-1950-45cb-853a-3319b4838f53'),)
{"timestamp": "2026-04-28 14:17:44,412", "level": "INFO", "name": "sqlalchemy.engine.Engine", "message": "[generated in 0.00173s] (UUID('de12d537-1950-45cb-853a-3319b4838f53'),)"}
INFO:     127.0.0.1:60677 - "GET /api/v1/projects/77dc887f-eab6-40d6-9b3b-dc06269cb009/repositories/de12d537-1950-45cb-853a-3319b4838f53/ast/symbols HTTP/1.1" 200 OK
2026-04-28 14:17:44,534 INFO sqlalchemy.engine.Engine ROLLBACK
{"timestamp": "2026-04-28 14:17:44,534", "level": "INFO", "name": "sqlalchemy.engine.Engine", "message": "ROLLBACK"}
2026-04-28 14:17:44,706 INFO sqlalchemy.engine.Engine BEGIN (implicit)
{"timestamp": "2026-04-28 14:17:44,706", "level": "INFO", "name": "sqlalchemy.engine.Engine", "message": "BEGIN (implicit)"}
2026-04-28 14:17:44,708 INFO sqlalchemy.engine.Engine SELECT repositories.id, repositories.project_id, repositories.name, repositories.source_type, repositories.source_url, repositories.branch, repositories.status, repositories.local_path, repositories.archive_name, repositories.error_message, repositories.created_at, repositories.updated_at 
FROM repositories 
WHERE repositories.id = $1::UUID
{"timestamp": "2026-04-28 14:17:44,708", "level": "INFO", "name": "sqlalchemy.engine.Engine", "message": "SELECT repositories.id, repositories.project_id, repositories.name, repositories.source_type, repositories.source_url, repositories.branch, repositories.status, repositories.local_path, repositories.archive_name, repositories.error_message, repositories.created_at, repositories.updated_at \nFROM repositories \nWHERE repositories.id = $1::UUID"}
2026-04-28 14:17:44,710 INFO sqlalchemy.engine.Engine [cached since 3.024s ago] (UUID('de12d537-1950-45cb-853a-3319b4838f53'),)
{"timestamp": "2026-04-28 14:17:44,710", "level": "INFO", "name": "sqlalchemy.engine.Engine", "message": "[cached since 3.024s ago] (UUID('de12d537-1950-45cb-853a-3319b4838f53'),)"}
2026-04-28 14:17:44,855 INFO sqlalchemy.engine.Engine SELECT repository_imports.id, repository_imports.repository_id, repository_imports.repository_file_id, repository_imports.import_type, repository_imports.module_name, repository_imports.imported_name, repository_imports.alias, repository_imports.line_number, repository_imports.created_at, repository_imports.updated_at 
FROM repository_imports 
WHERE repository_imports.repository_id = $1::UUID ORDER BY repository_imports.module_name ASC, repository_imports.line_number ASC
{"timestamp": "2026-04-28 14:17:44,855", "level": "INFO", "name": "sqlalchemy.engine.Engine", "message": "SELECT repository_imports.id, repository_imports.repository_id, repository_imports.repository_file_id, repository_imports.import_type, repository_imports.module_name, repository_imports.imported_name, repository_imports.alias, repository_imports.line_number, repository_imports.created_at, repository_imports.updated_at \nFROM repository_imports \nWHERE repository_imports.repository_id = $1::UUID ORDER BY repository_imports.module_name ASC, repository_imports.line_number ASC"}
2026-04-28 14:17:44,857 INFO sqlalchemy.engine.Engine [generated in 0.00237s] (UUID('de12d537-1950-45cb-853a-3319b4838f53'),)
{"timestamp": "2026-04-28 14:17:44,857", "level": "INFO", "name": "sqlalchemy.engine.Engine", "message": "[generated in 0.00237s] (UUID('de12d537-1950-45cb-853a-3319b4838f53'),)"}
INFO:     127.0.0.1:60677 - "GET /api/v1/projects/77dc887f-eab6-40d6-9b3b-dc06269cb009/repositories/de12d537-1950-45cb-853a-3319b4838f53/ast/imports HTTP/1.1" 200 OK
2026-04-28 14:17:45,277 INFO sqlalchemy.engine.Engine ROLLBACK
{"timestamp": "2026-04-28 14:17:45,277", "level": "INFO", "name": "sqlalchemy.engine.Engine", "message": "ROLLBACK"}
2026-04-28 14:17:45,466 INFO sqlalchemy.engine.Engine BEGIN (implicit)
{"timestamp": "2026-04-28 14:17:45,466", "level": "INFO", "name": "sqlalchemy.engine.Engine", "message": "BEGIN (implicit)"}
2026-04-28 14:17:45,468 INFO sqlalchemy.engine.Engine SELECT repositories.id, repositories.project_id, repositories.name, repositories.source_type, repositories.source_url, repositories.branch, repositories.status, repositories.local_path, repositories.archive_name, repositories.error_message, repositories.created_at, repositories.updated_at 
FROM repositories 
WHERE repositories.id = $1::UUID
{"timestamp": "2026-04-28 14:17:45,468", "level": "INFO", "name": "sqlalchemy.engine.Engine", "message": "SELECT repositories.id, repositories.project_id, repositories.name, repositories.source_type, repositories.source_url, repositories.branch, repositories.status, repositories.local_path, repositories.archive_name, repositories.error_message, repositories.created_at, repositories.updated_at \nFROM repositories \nWHERE repositories.id = $1::UUID"}
2026-04-28 14:17:45,469 INFO sqlalchemy.engine.Engine [cached since 3.783s ago] (UUID('de12d537-1950-45cb-853a-3319b4838f53'),)
{"timestamp": "2026-04-28 14:17:45,469", "level": "INFO", "name": "sqlalchemy.engine.Engine", "message": "[cached since 3.783s ago] (UUID('de12d537-1950-45cb-853a-3319b4838f53'),)"}
2026-04-28 14:17:45,586 INFO sqlalchemy.engine.Engine SELECT repository_files.id, repository_files.repository_id, repository_files.relative_path, repository_files.file_name, repository_files.extension, repository_files.language, repository_files.size_bytes, repository_files.content_type, repository_files.sha256, repository_files.created_at, repository_files.updated_at 
FROM repository_files 
WHERE repository_files.repository_id = $1::UUID ORDER BY repository_files.relative_path ASC
{"timestamp": "2026-04-28 14:17:45,586", "level": "INFO", "name": "sqlalchemy.engine.Engine", "message": "SELECT repository_files.id, repository_files.repository_id, repository_files.relative_path, repository_files.file_name, repository_files.extension, repository_files.language, repository_files.size_bytes, repository_files.content_type, repository_files.sha256, repository_files.created_at, repository_files.updated_at \nFROM repository_files \nWHERE repository_files.repository_id = $1::UUID ORDER BY repository_files.relative_path ASC"}
2026-04-28 14:17:45,592 INFO sqlalchemy.engine.Engine [cached since 2.684s ago] (UUID('de12d537-1950-45cb-853a-3319b4838f53'),)
{"timestamp": "2026-04-28 14:17:45,592", "level": "INFO", "name": "sqlalchemy.engine.Engine", "message": "[cached since 2.684s ago] (UUID('de12d537-1950-45cb-853a-3319b4838f53'),)"}
2026-04-28 14:17:45,663 INFO sqlalchemy.engine.Engine SELECT repository_imports.id, repository_imports.repository_id, repository_imports.repository_file_id, repository_imports.import_type, repository_imports.module_name, repository_imports.imported_name, repository_imports.alias, repository_imports.line_number, repository_imports.created_at, repository_imports.updated_at 
FROM repository_imports 
WHERE repository_imports.repository_id = $1::UUID ORDER BY repository_imports.module_name ASC, repository_imports.line_number ASC
{"timestamp": "2026-04-28 14:17:45,663", "level": "INFO", "name": "sqlalchemy.engine.Engine", "message": "SELECT repository_imports.id, repository_imports.repository_id, repository_imports.repository_file_id, repository_imports.import_type, repository_imports.module_name, repository_imports.imported_name, repository_imports.alias, repository_imports.line_number, repository_imports.created_at, repository_imports.updated_at \nFROM repository_imports \nWHERE repository_imports.repository_id = $1::UUID ORDER BY repository_imports.module_name ASC, repository_imports.line_number ASC"}
2026-04-28 14:17:45,665 INFO sqlalchemy.engine.Engine [cached since 0.8105s ago] (UUID('de12d537-1950-45cb-853a-3319b4838f53'),)
{"timestamp": "2026-04-28 14:17:45,665", "level": "INFO", "name": "sqlalchemy.engine.Engine", "message": "[cached since 0.8105s ago] (UUID('de12d537-1950-45cb-853a-3319b4838f53'),)"}
2026-04-28 14:17:45,793 INFO sqlalchemy.engine.Engine DELETE FROM repository_dependencies WHERE repository_dependencies.repository_id = $1::UUID
{"timestamp": "2026-04-28 14:17:45,793", "level": "INFO", "name": "sqlalchemy.engine.Engine", "message": "DELETE FROM repository_dependencies WHERE repository_dependencies.repository_id = $1::UUID"}
2026-04-28 14:17:45,797 INFO sqlalchemy.engine.Engine [generated in 0.00401s] (UUID('de12d537-1950-45cb-853a-3319b4838f53'),)
{"timestamp": "2026-04-28 14:17:45,797", "level": "INFO", "name": "sqlalchemy.engine.Engine", "message": "[generated in 0.00401s] (UUID('de12d537-1950-45cb-853a-3319b4838f53'),)"}
2026-04-28 14:17:45,928 INFO sqlalchemy.engine.Engine INSERT INTO repository_dependencies (id, repository_id, source_repository_file_id, target_repository_file_id, import_record_id, source_module_name, target_module_name, import_type, is_internal, is_resolved) VALUES ($1::UUID, $2::UUID, $3::UUID, $4::U ... 216 characters truncated ... G repository_dependencies.created_at, repository_dependencies.updated_at, repository_dependencies.id
{"timestamp": "2026-04-28 14:17:45,928", "level": "INFO", "name": "sqlalchemy.engine.Engine", "message": "INSERT INTO repository_dependencies (id, repository_id, source_repository_file_id, target_repository_file_id, import_record_id, source_module_name, target_module_name, import_type, is_internal, is_resolved) VALUES ($1::UUID, $2::UUID, $3::UUID, $4::U ... 216 characters truncated ... G repository_dependencies.created_at, repository_dependencies.updated_at, repository_dependencies.id"}
2026-04-28 14:17:45,935 INFO sqlalchemy.engine.Engine [generated in 0.00092s (insertmanyvalues) 1/1 (ordered)] (UUID('0271917a-6aea-4c45-ba01-f76edf0989e4'), UUID('de12d537-1950-45cb-853a-3319b4838f53'), UUID('83e81d6f-5d52-4830-85b6-5f137a8e3d48'), UUID('fbf57930-c3e6-4d3e-bd44-d03b0d6ea90c'), UUID('97f69fd6-41fe-4320-b0cb-2b580f9ab25d'), 'sample_repo.pkg.main', 'sample_repo.pkg.services.auth', 'from', True, True, UUID('de65ecba-1388-4882-b5bd-fedc40a06b04'), UUID('de12d537-1950-45cb-853a-3319b4838f53'), UUID('83e81d6f-5d52-4830-85b6-5f137a8e3d48'), None, UUID('e437691f-92d1-45f6-85a3-2178c686f59b'), 'sample_repo.pkg.main', 'os', 'import', False, False)
{"timestamp": "2026-04-28 14:17:45,935", "level": "INFO", "name": "sqlalchemy.engine.Engine", "message": "[generated in 0.00092s (insertmanyvalues) 1/1 (ordered)] (UUID('0271917a-6aea-4c45-ba01-f76edf0989e4'), UUID('de12d537-1950-45cb-853a-3319b4838f53'), UUID('83e81d6f-5d52-4830-85b6-5f137a8e3d48'), UUID('fbf57930-c3e6-4d3e-bd44-d03b0d6ea90c'), UUID('97f69fd6-41fe-4320-b0cb-2b580f9ab25d'), 'sample_repo.pkg.main', 'sample_repo.pkg.services.auth', 'from', True, True, UUID('de65ecba-1388-4882-b5bd-fedc40a06b04'), UUID('de12d537-1950-45cb-853a-3319b4838f53'), UUID('83e81d6f-5d52-4830-85b6-5f137a8e3d48'), None, UUID('e437691f-92d1-45f6-85a3-2178c686f59b'), 'sample_repo.pkg.main', 'os', 'import', False, False)"}
2026-04-28 14:17:46,077 INFO sqlalchemy.engine.Engine COMMIT
{"timestamp": "2026-04-28 14:17:46,077", "level": "INFO", "name": "sqlalchemy.engine.Engine", "message": "COMMIT"}
INFO:     127.0.0.1:60677 - "POST /api/v1/projects/77dc887f-eab6-40d6-9b3b-dc06269cb009/repositories/de12d537-1950-45cb-853a-3319b4838f53/graph/build HTTP/1.1" 202 Accepted
2026-04-28 14:17:46,663 INFO sqlalchemy.engine.Engine BEGIN (implicit)
{"timestamp": "2026-04-28 14:17:46,663", "level": "INFO", "name": "sqlalchemy.engine.Engine", "message": "BEGIN (implicit)"}
2026-04-28 14:17:46,665 INFO sqlalchemy.engine.Engine SELECT repositories.id, repositories.project_id, repositories.name, repositories.source_type, repositories.source_url, repositories.branch, repositories.status, repositories.local_path, repositories.archive_name, repositories.error_message, repositories.created_at, repositories.updated_at 
FROM repositories 
WHERE repositories.id = $1::UUID
{"timestamp": "2026-04-28 14:17:46,665", "level": "INFO", "name": "sqlalchemy.engine.Engine", "message": "SELECT repositories.id, repositories.project_id, repositories.name, repositories.source_type, repositories.source_url, repositories.branch, repositories.status, repositories.local_path, repositories.archive_name, repositories.error_message, repositories.created_at, repositories.updated_at \nFROM repositories \nWHERE repositories.id = $1::UUID"}
2026-04-28 14:17:46,667 INFO sqlalchemy.engine.Engine [cached since 4.981s ago] (UUID('de12d537-1950-45cb-853a-3319b4838f53'),)
{"timestamp": "2026-04-28 14:17:46,667", "level": "INFO", "name": "sqlalchemy.engine.Engine", "message": "[cached since 4.981s ago] (UUID('de12d537-1950-45cb-853a-3319b4838f53'),)"}
2026-04-28 14:17:46,804 INFO sqlalchemy.engine.Engine SELECT repository_dependencies.id, repository_dependencies.repository_id, repository_dependencies.source_repository_file_id, repository_dependencies.target_repository_file_id, repository_dependencies.import_record_id, repository_dependencies.source_module_name, repository_dependencies.target_module_name, repository_dependencies.import_type, repository_dependencies.is_internal, repository_dependencies.is_resolved, repository_dependencies.created_at, repository_dependencies.updated_at 
FROM repository_dependencies 
WHERE repository_dependencies.repository_id = $1::UUID ORDER BY repository_dependencies.source_module_name ASC, repository_dependencies.target_module_name ASC
{"timestamp": "2026-04-28 14:17:46,804", "level": "INFO", "name": "sqlalchemy.engine.Engine", "message": "SELECT repository_dependencies.id, repository_dependencies.repository_id, repository_dependencies.source_repository_file_id, repository_dependencies.target_repository_file_id, repository_dependencies.import_record_id, repository_dependencies.source_module_name, repository_dependencies.target_module_name, repository_dependencies.import_type, repository_dependencies.is_internal, repository_dependencies.is_resolved, repository_dependencies.created_at, repository_dependencies.updated_at \nFROM repository_dependencies \nWHERE repository_dependencies.repository_id = $1::UUID ORDER BY repository_dependencies.source_module_name ASC, repository_dependencies.target_module_name ASC"}
2026-04-28 14:17:46,810 INFO sqlalchemy.engine.Engine [generated in 0.00623s] (UUID('de12d537-1950-45cb-853a-3319b4838f53'),)
{"timestamp": "2026-04-28 14:17:46,810", "level": "INFO", "name": "sqlalchemy.engine.Engine", "message": "[generated in 0.00623s] (UUID('de12d537-1950-45cb-853a-3319b4838f53'),)"}
INFO:     127.0.0.1:60677 - "GET /api/v1/projects/77dc887f-eab6-40d6-9b3b-dc06269cb009/repositories/de12d537-1950-45cb-853a-3319b4838f53/graph/dependencies HTTP/1.1" 200 OK
2026-04-28 14:17:46,926 INFO sqlalchemy.engine.Engine ROLLBACK
{"timestamp": "2026-04-28 14:17:46,926", "level": "INFO", "name": "sqlalchemy.engine.Engine", "message": "ROLLBACK"}
